c:\users\qsc14\desktop\jusin\221205_text_rpg\221205_text_rpg\debug\221205_text_rpg.pch
c:\users\qsc14\desktop\jusin\221205_text_rpg\221205_text_rpg\debug\vc140.pdb
c:\users\qsc14\desktop\jusin\221205_text_rpg\221205_text_rpg\debug\vc140.idb
c:\users\qsc14\desktop\jusin\221205_text_rpg\221205_text_rpg\debug\stdafx.obj
c:\users\qsc14\desktop\jusin\221205_text_rpg\221205_text_rpg\debug\player.obj
c:\users\qsc14\desktop\jusin\221205_text_rpg\221205_text_rpg\debug\221205_text_rpg.obj
c:\users\qsc14\desktop\jusin\221205_text_rpg\221205_text_rpg\debug\mainmenu.obj
c:\users\qsc14\desktop\jusin\221205_text_rpg\221205_text_rpg\debug\maingame.obj
c:\users\qsc14\desktop\jusin\221205_text_rpg\221205_text_rpg\debug\field.obj
c:\users\qsc14\desktop\jusin\221205_text_rpg\221205_text_rpg\debug\monster.obj
c:\users\qsc14\desktop\jusin\221205_text_rpg\221205_text_rpg\debug\healstore.obj
c:\users\qsc14\desktop\jusin\221205_text_rpg\221205_text_rpg\debug\savemanager.obj
c:\users\qsc14\desktop\jusin\221205_text_rpg\221205_text_rpg\debug\gamblestore.obj
c:\users\qsc14\desktop\jusin\221205_text_rpg\221205_text_rpg\debug\potionstore.obj
c:\users\qsc14\desktop\jusin\221205_text_rpg\221205_text_rpg\debug\town.obj
c:\users\qsc14\desktop\jusin\221205_text_rpg\221205_text_rpg\debug\inventory.obj
c:\users\qsc14\desktop\jusin\221205_text_rpg\221205_text_rpg\debug\info.obj
c:\users\qsc14\desktop\jusin\221205_text_rpg\221205_text_rpg\debug\obj.obj
c:\users\qsc14\desktop\jusin\221205_text_rpg\221205_text_rpg\debug\item.obj
c:\users\qsc14\desktop\jusin\221205_text_rpg\221205_text_rpg\debug\equipment.obj
c:\users\qsc14\desktop\jusin\221205_text_rpg\221205_text_rpg\debug\equipstore.obj
c:\users\qsc14\desktop\jusin\221205_text_rpg\221205_text_rpg\debug\weapon.obj
c:\users\qsc14\desktop\jusin\221205_text_rpg\221205_text_rpg\debug\gamble.obj
c:\users\qsc14\desktop\jusin\221205_text_rpg\221205_text_rpg\debug\potion.obj
c:\users\qsc14\desktop\jusin\221205_text_rpg\debug\221205_text_rpg.ilk
c:\users\qsc14\desktop\jusin\221205_text_rpg\debug\221205_text_rpg.exe
c:\users\qsc14\desktop\jusin\221205_text_rpg\debug\221205_text_rpg.pdb
c:\users\qsc14\desktop\jusin\221205_text_rpg\221205_text_rpg\debug\221205_text_rpg.tlog\cl.command.1.tlog
c:\users\qsc14\desktop\jusin\221205_text_rpg\221205_text_rpg\debug\221205_text_rpg.tlog\cl.read.1.tlog
c:\users\qsc14\desktop\jusin\221205_text_rpg\221205_text_rpg\debug\221205_text_rpg.tlog\cl.write.1.tlog
c:\users\qsc14\desktop\jusin\221205_text_rpg\221205_text_rpg\debug\221205_text_rpg.tlog\link.command.1.tlog
c:\users\qsc14\desktop\jusin\221205_text_rpg\221205_text_rpg\debug\221205_text_rpg.tlog\link.read.1.tlog
c:\users\qsc14\desktop\jusin\221205_text_rpg\221205_text_rpg\debug\221205_text_rpg.tlog\link.write.1.tlog
